<?xml version="1.0" encoding="UTF-8"?>
<!-- Generated by org.testng.reporters.JUnitXMLReporter -->
<testsuite ignored="0" hostname="cloudly-Latitude-E6430" failures="0" tests="4" name="Default test" time="109.542" errors="0" timestamp="2022-08-25T16:07:11 BDT">
  <testcase classname="goibibo.com.goibibo" name="TitleVarify" time="57.811"/>
  <testcase classname="goibibo.com.goibibo" name="RedioButton1" time="3.9"/>
  <testcase classname="goibibo.com.goibibo" name="SearchTrip" time="39.055"/>
  <testcase classname="goibibo.com.goibibo" name="Redion2" time="8.74"/>
</testsuite> <!-- Default test -->
